<?xml version="1.0" encoding="UTF-8"?>
<testng-results skipped="0" failed="0" ignored="0" total="1" passed="1">
  <reporter-output>
  </reporter-output>
  <suite name="test.LoginTest" duration-ms="5850" started-at="2021-07-07T20:11:31Z" finished-at="2021-07-07T20:11:37Z">
    <groups>
    </groups>
    <test name="Command line test" duration-ms="5850" started-at="2021-07-07T20:11:31Z" finished-at="2021-07-07T20:11:37Z">
      <class name="test.LoginTest">
        <test-method status="PASS" signature="validUserShouldBeAbleToLogin()[pri:0, instance:test.LoginTest@17f6480]" name="validUserShouldBeAbleToLogin" duration-ms="5829" started-at="2021-07-07T20:11:31Z" finished-at="2021-07-07T20:11:37Z">
          <reporter-output>
          </reporter-output>
        </test-method> <!-- validUserShouldBeAbleToLogin -->
      </class> <!-- test.LoginTest -->
    </test> <!-- Command line test -->
  </suite> <!-- test.LoginTest -->
</testng-results>
